<?xml version="1.0" encoding="UTF-8"?>
<!-- Generated by org.testng.reporters.JUnitReportReporter -->
<testsuite hostname="Rishabhs-MacBook-Air.local" failures="0" tests="1" name="TestCases.TC_003" time="11.795" errors="0" timestamp="2024-05-06T18:35:12 IST" skipped="0">
  <testcase classname="TestCases.TC_003" name="RFQTest" time="11.795"/>
</testsuite> <!-- TestCases.TC_003 -->
